<?xml version="1.0" encoding="UTF-8"?>
<testsuite xmlns:xsi="http://www.w3.org/2001/XMLSchema-instance" xsi:noNamespaceSchemaLocation="https://maven.apache.org/surefire/maven-surefire-plugin/xsd/surefire-test-report-3.0.xsd" version="3.0" name="guru.springframework.msscbeerservice.web.controller.BeerControllerTest" time="1.631" tests="3" errors="0" skipped="0" failures="0">
  <properties>
[...]
</properties>
  <testcase name="saveNewBeer" classname="guru.springframework.msscbeerservice.web.controller.BeerControllerTest" time="0.181">
    <system-out><![CDATA[12:09:07.488 [main] INFO org.springframework.test.context.support.AnnotationConfigContextLoaderUtils -- Could not detect default configuration classes for test class [guru.springframework.msscbeerservice.web.controller.BeerControllerTest]: BeerControllerTest does not declare any static, non-private, non-final, nested classes annotated with @Configuration.
12:09:07.546 [main] INFO org.springframework.boot.test.context.SpringBootTestContextBootstrapper -- Found @SpringBootConfiguration guru.springframework.msscbeerservice.MsscBeerServiceApplication for test class guru.springframework.msscbeerservice.web.controller.BeerControllerTest

  .   ____          _            __ _ _
 /\\ / ___'_ __ _ _(_)_ __  __ _ \ \ \ \
( ( )\___ | '_ | '_| | '_ \/ _` | \ \ \ \
 \\/  ___)| |_)| | | | | || (_| |  ) ) ) )
  '  |____| .__|_| |_|_| |_\__, | / / / /
 =========|_|==============|___/=/_/_/_/
 :: Spring Boot ::                (v3.1.0)

2023-07-10T12:09:07.742+02:00  INFO 10235 --- [           main] g.s.m.web.controller.BeerControllerTest  : Starting BeerControllerTest using Java 17.0.6 with PID 10235 (started by 55154M in /Users/55154M/IdeaProjects/microservices/mssc-beer-service)
2023-07-10T12:09:07.742+02:00 DEBUG 10235 --- [           main] g.s.m.web.controller.BeerControllerTest  : Running with Spring Boot v3.1.0, Spring v6.0.9
2023-07-10T12:09:07.743+02:00  INFO 10235 --- [           main] g.s.m.web.controller.BeerControllerTest  : No active profile set, falling back to 1 default profile: "default"
2023-07-10T12:09:08.813+02:00  INFO 10235 --- [           main] o.s.b.t.m.w.SpringBootMockServletContext : Initializing Spring TestDispatcherServlet ''
2023-07-10T12:09:08.813+02:00  INFO 10235 --- [           main] o.s.t.web.servlet.TestDispatcherServlet  : Initializing Servlet ''
2023-07-10T12:09:08.815+02:00  INFO 10235 --- [           main] o.s.t.web.servlet.TestDispatcherServlet  : Completed initialization in 0 ms
2023-07-10T12:09:08.825+02:00  INFO 10235 --- [           main] g.s.m.web.controller.BeerControllerTest  : Started BeerControllerTest in 1.249 seconds (process running for 1.682)
]]></system-out>
  </testcase>
  <testcase name="getBeerById" classname="guru.springframework.msscbeerservice.web.controller.BeerControllerTest" time="0.021"/>
  <testcase name="updateNewBeer" classname="guru.springframework.msscbeerservice.web.controller.BeerControllerTest" time="0.005"/>
</testsuite>