<?xml version="1.0" encoding="UTF-8"?>
<testsuite xmlns:xsi="http://www.w3.org/2001/XMLSchema-instance" xsi:noNamespaceSchemaLocation="https://maven.apache.org/surefire/maven-surefire-plugin/xsd/surefire-test-report-3.0.xsd" version="3.0" name="guru.springframework.msscbeerservice.web.controller.BeerControllerTest" time="1.622" tests="3" errors="0" skipped="0" failures="0">
  <properties>
[...]
</properties>
  <testcase name="saveNewBeer" classname="guru.springframework.msscbeerservice.web.controller.BeerControllerTest" time="0.151">
    <system-out><![CDATA[17:21:12.840 [main] INFO org.springframework.test.context.support.AnnotationConfigContextLoaderUtils -- Could not detect default configuration classes for test class [guru.springframework.msscbeerservice.web.controller.BeerControllerTest]: BeerControllerTest does not declare any static, non-private, non-final, nested classes annotated with @Configuration.
17:21:12.899 [main] INFO org.springframework.boot.test.context.SpringBootTestContextBootstrapper -- Found @SpringBootConfiguration guru.springframework.msscbeerservice.MsscBeerServiceApplication for test class guru.springframework.msscbeerservice.web.controller.BeerControllerTest

  .   ____          _            __ _ _
 /\\ / ___'_ __ _ _(_)_ __  __ _ \ \ \ \
( ( )\___ | '_ | '_| | '_ \/ _` | \ \ \ \
 \\/  ___)| |_)| | | | | || (_| |  ) ) ) )
  '  |____| .__|_| |_|_| |_\__, | / / / /
 =========|_|==============|___/=/_/_/_/
 :: Spring Boot ::                (v3.1.0)

2023-07-14T17:21:13.108+02:00  INFO 3789 --- [           main] g.s.m.web.controller.BeerControllerTest  : Starting BeerControllerTest using Java 17.0.6 with PID 3789 (started by 55154M in /Users/55154M/IdeaProjects/mssc-brewery-ws/mssc-beer-service)
2023-07-14T17:21:13.109+02:00 DEBUG 3789 --- [           main] g.s.m.web.controller.BeerControllerTest  : Running with Spring Boot v3.1.0, Spring v6.0.9
2023-07-14T17:21:13.109+02:00  INFO 3789 --- [           main] g.s.m.web.controller.BeerControllerTest  : No active profile set, falling back to 1 default profile: "default"
2023-07-14T17:21:14.172+02:00  INFO 3789 --- [           main] o.s.b.t.m.w.SpringBootMockServletContext : Initializing Spring TestDispatcherServlet ''
2023-07-14T17:21:14.172+02:00  INFO 3789 --- [           main] o.s.t.web.servlet.TestDispatcherServlet  : Initializing Servlet ''
2023-07-14T17:21:14.174+02:00  INFO 3789 --- [           main] o.s.t.web.servlet.TestDispatcherServlet  : Completed initialization in 1 ms
2023-07-14T17:21:14.186+02:00  INFO 3789 --- [           main] g.s.m.web.controller.BeerControllerTest  : Started BeerControllerTest in 1.253 seconds (process running for 1.71)
]]></system-out>
  </testcase>
  <testcase name="getBeerById" classname="guru.springframework.msscbeerservice.web.controller.BeerControllerTest" time="0.027"/>
  <testcase name="updateNewBeer" classname="guru.springframework.msscbeerservice.web.controller.BeerControllerTest" time="0.004"/>
</testsuite>